make --dry-run --always-make --keep-going --print-directory
make: Entering directory `/Users/hugorecolet/Desktop/42/studs/Cercle3/Minishell'
gcc	 -Wall -Wextra -Werror -g3   -c -o srcs/main.o srcs/main.c
gcc	 -Wall -Wextra -Werror -g3   -c -o srcs/utils/utils.o srcs/utils/utils.c
gcc	 -Wall -Wextra -Werror -g3   -c -o srcs/pipes/error.o srcs/pipes/error.c
gcc	 -Wall -Wextra -Werror -g3   -c -o srcs/pipes/ft_free.o srcs/pipes/ft_free.c
gcc	 -Wall -Wextra -Werror -g3   -c -o srcs/pipes/ft_split.o srcs/pipes/ft_split.c
gcc	 -Wall -Wextra -Werror -g3   -c -o srcs/pipes/ft_split_path.o srcs/pipes/ft_split_path.c
gcc	 -Wall -Wextra -Werror -g3   -c -o srcs/pipes/join.o srcs/pipes/join.c
gcc	 -Wall -Wextra -Werror -g3   -c -o srcs/pipes/utils_both.o srcs/pipes/utils_both.c
gcc	 -Wall -Wextra -Werror -g3   -c -o srcs/pipes/utils_exec.o srcs/pipes/utils_exec.c
gcc	 -Wall -Wextra -Werror -g3   -c -o srcs/pipes/utils_path.o srcs/pipes/utils_path.c
gcc	 -Wall -Wextra -Werror -g3   -c -o srcs/pipes/utils_pipe.o srcs/pipes/utils_pipe.c
gcc	 -Wall -Wextra -Werror -g3   -c -o srcs/pipes/utils_str.o srcs/pipes/utils_str.c
gcc	 -Wall -Wextra -Werror -g3   -c -o srcs/expand/env_expand.o srcs/expand/env_expand.c
gcc	 -Wall -Wextra -Werror -g3   -c -o srcs/exec/exec_utils.o srcs/exec/exec_utils.c
gcc	 -Wall -Wextra -Werror -g3   -c -o srcs/exec/ft_echo.o srcs/exec/ft_echo.c
gcc	 -Wall -Wextra -Werror -g3   -c -o srcs/env/export.o srcs/env/export.c
gcc	 -Wall -Wextra -Werror -g3   -c -o srcs/exec/is_builtin.o srcs/exec/is_builtin.c
gcc	 -Wall -Wextra -Werror -g3   -c -o srcs/parsing/count_token.o srcs/parsing/count_token.c
gcc	 -Wall -Wextra -Werror -g3   -c -o srcs/parsing/parse_token.o srcs/parsing/parse_token.c
gcc	 -Wall -Wextra -Werror -g3   -c -o srcs/utils/error.o srcs/utils/error.c
gcc	 -Wall -Wextra -Werror -g3   -c -o srcs/parsing/token_check.o srcs/parsing/token_check.c
gcc	 -Wall -Wextra -Werror -g3   -c -o srcs/exec/ft_split_space.o srcs/exec/ft_split_space.c
gcc	 -Wall -Wextra -Werror -g3   -c -o srcs/dir/dir_prompt.o srcs/dir/dir_prompt.c
gcc	 -Wall -Wextra -Werror -g3   -c -o srcs/utils/utils_2.o srcs/utils/utils_2.c
gcc	 -Wall -Wextra -Werror -g3   -c -o srcs/parsing/ft_unquoting.o srcs/parsing/ft_unquoting.c
gcc	 -Wall -Wextra -Werror -g3   -c -o srcs/exec/create_list.o srcs/exec/create_list.c
gcc	 -Wall -Wextra -Werror -g3   -c -o srcs/exec/ft_get_output.o srcs/exec/ft_get_output.c
gcc	 -Wall -Wextra -Werror -g3   -c -o srcs/exec/utils_io.o srcs/exec/utils_io.c
gcc	 -Wall -Wextra -Werror -g3   -c -o srcs/env/export_2.o srcs/env/export_2.c
gcc	 -Wall -Wextra -Werror -g3   -c -o srcs/env/unset.o srcs/env/unset.c
gcc	 -Wall -Wextra -Werror -g3   -c -o srcs/env/utils_export.o srcs/env/utils_export.c
gcc	 -Wall -Wextra -Werror -g3   -c -o srcs/exec/clean_redirection.o srcs/exec/clean_redirection.c
gcc	 -Wall -Wextra -Werror -g3   -c -o srcs/exec/open_io.o srcs/exec/open_io.c
gcc	 -Wall -Wextra -Werror -g3   -c -o srcs/exec/insert_file.o srcs/exec/insert_file.c
gcc	 -Wall -Wextra -Werror -g3   -c -o srcs/exec/main_exec.o srcs/exec/main_exec.c
gcc	 -Wall -Wextra -Werror -g3   -c -o srcs/expand/expand_utils.o srcs/expand/expand_utils.c
gcc	 -Wall -Wextra -Werror -g3   -c -o srcs/env/utils_error.o srcs/env/utils_error.c
gcc	 -Wall -Wextra -Werror -g3   -c -o srcs/env/utils_backslash.o srcs/env/utils_backslash.c
gcc	 -Wall -Wextra -Werror -g3   -c -o srcs/exit/exit.o srcs/exit/exit.c
gcc	 -Wall -Wextra -Werror -g3   -c -o srcs/exec/open_io_utils.o srcs/exec/open_io_utils.c
gcc	 -Wall -Wextra -Werror -g3   -c -o srcs/expand/expand_utils_2.o srcs/expand/expand_utils_2.c
gcc	 -Wall -Wextra -Werror -g3   -c -o srcs/utils_print.o srcs/utils_print.c
gcc	 -Wall -Wextra -Werror -g3   -c -o srcs/signal/signal.o srcs/signal/signal.c
gcc	 -Wall -Wextra -Werror -g3   -c -o srcs/utils/utils_3.o srcs/utils/utils_3.c
gcc	 -Wall -Wextra -Werror -g3   -c -o srcs/pipes/heredoc.o srcs/pipes/heredoc.c
gcc	 -Wall -Wextra -Werror -g3   -c -o srcs/pipes/heredoc_utils.o srcs/pipes/heredoc_utils.c
gcc	 -Wall -Wextra -Werror -g3   -c -o srcs/utils/utils_4.o srcs/utils/utils_4.c
gcc	 -Wall -Wextra -Werror -g3   -c -o srcs/parsing/count_token_2.o srcs/parsing/count_token_2.c
gcc	 -Wall -Wextra -Werror -g3   -c -o srcs/parsing/parse_token_2.o srcs/parsing/parse_token_2.c
gcc	 -Wall -Wextra -Werror -g3   -c -o srcs/utils_main.o srcs/utils_main.c
gcc	 -Wall -Wextra -Werror -g3   -c -o srcs/refacto.o srcs/refacto.c
gcc	 -Wall -Wextra -Werror -g3   -c -o srcs/utils_init.o srcs/utils_init.c
gcc	 -Wall -Wextra -Werror -g3   -c -o srcs/exit/exit_2.o srcs/exit/exit_2.c
gcc	 -Wall -Wextra -Werror -g3   -c -o srcs/parsing/utils_token_check.o srcs/parsing/utils_token_check.c
gcc	 -Wall -Wextra -Werror -g3   -c -o srcs/dir/dir_error.o srcs/dir/dir_error.c
gcc	 -Wall -Wextra -Werror -g3   -c -o srcs/env/export_3.o srcs/env/export_3.c
clear
/Library/Developer/CommandLineTools/usr/bin/make -C libft
make[1]: Entering directory `/Users/hugorecolet/Desktop/42/studs/Cercle3/Minishell/libft'
gcc -Wall -Wextra -Werror -c ft_atoi.c -o ft_atoi.o
gcc -Wall -Wextra -Werror -c get_next_line.c -o get_next_line.o
gcc -Wall -Wextra -Werror -c ft_isprint.c -o ft_isprint.o
gcc -Wall -Wextra -Werror -c ft_putchar_fd.c -o ft_putchar_fd.o
gcc -Wall -Wextra -Werror -c ft_striteri.c -o ft_striteri.o
gcc -Wall -Wextra -Werror -c ft_strnstr.c -o ft_strnstr.o
gcc -Wall -Wextra -Werror -c ft_bzero.c -o ft_bzero.o
gcc -Wall -Wextra -Werror -c ft_itoa.c -o ft_itoa.o
gcc -Wall -Wextra -Werror -c ft_putendl_fd.c -o ft_putendl_fd.o
gcc -Wall -Wextra -Werror -c ft_strjoin.c -o ft_strjoin.o
gcc -Wall -Wextra -Werror -c ft_strrchr.c -o ft_strrchr.o
gcc -Wall -Wextra -Werror -c ft_calloc.c -o ft_calloc.o
gcc -Wall -Wextra -Werror -c ft_memchr.c -o ft_memchr.o
gcc -Wall -Wextra -Werror -c ft_putnbr_fd.c -o ft_putnbr_fd.o
gcc -Wall -Wextra -Werror -c ft_strlcat.c -o ft_strlcat.o
gcc -Wall -Wextra -Werror -c ft_strtrim.c -o ft_strtrim.o
gcc -Wall -Wextra -Werror -c ft_isalnum.c -o ft_isalnum.o
gcc -Wall -Wextra -Werror -c ft_memcmp.c -o ft_memcmp.o
gcc -Wall -Wextra -Werror -c ft_putstr_fd.c -o ft_putstr_fd.o
gcc -Wall -Wextra -Werror -c ft_strlcpy.c -o ft_strlcpy.o
gcc -Wall -Wextra -Werror -c ft_substr.c -o ft_substr.o
gcc -Wall -Wextra -Werror -c ft_isalpha.c -o ft_isalpha.o
gcc -Wall -Wextra -Werror -c ft_memcpy.c -o ft_memcpy.o
gcc -Wall -Wextra -Werror -c ft_split.c -o ft_split.o
gcc -Wall -Wextra -Werror -c ft_tolower.c -o ft_tolower.o
gcc -Wall -Wextra -Werror -c ft_isascii.c -o ft_isascii.o
gcc -Wall -Wextra -Werror -c ft_memmove.c -o ft_memmove.o
gcc -Wall -Wextra -Werror -c ft_strchr.c -o ft_strchr.o
gcc -Wall -Wextra -Werror -c ft_strmapi.c -o ft_strmapi.o
gcc -Wall -Wextra -Werror -c ft_toupper.c -o ft_toupper.o
gcc -Wall -Wextra -Werror -c ft_isdigit.c -o ft_isdigit.o
gcc -Wall -Wextra -Werror -c ft_memset.c -o ft_memset.o
gcc -Wall -Wextra -Werror -c ft_strdup.c -o ft_strdup.o
gcc -Wall -Wextra -Werror -c ft_strncmp.c -o ft_strncmp.o
gcc -Wall -Wextra -Werror -c ft_lstnew.c -o ft_lstnew.o
gcc -Wall -Wextra -Werror -c ft_lstadd_back.c -o ft_lstadd_back.o
gcc -Wall -Wextra -Werror -c ft_lstadd_front.c -o ft_lstadd_front.o
gcc -Wall -Wextra -Werror -c ft_lstsize.c -o ft_lstsize.o
gcc -Wall -Wextra -Werror -c ft_lstlast.c -o ft_lstlast.o
gcc -Wall -Wextra -Werror -c ft_lstdelone.c -o ft_lstdelone.o
gcc -Wall -Wextra -Werror -c ft_lstclear.c -o ft_lstclear.o
gcc -Wall -Wextra -Werror -c ft_lstiter.c -o ft_lstiter.o
gcc -Wall -Wextra -Werror -c ft_lstmap.c -o ft_lstmap.o
ar -rcs libft.a ft_atoi.o get_next_line.o ft_isprint.o ft_putchar_fd.o ft_striteri.o ft_strnstr.o ft_bzero.o ft_itoa.o ft_putendl_fd.o ft_strjoin.o ft_strrchr.o ft_calloc.o ft_memchr.o ft_putnbr_fd.o ft_strlcat.o ft_strtrim.o ft_isalnum.o ft_memcmp.o ft_putstr_fd.o ft_strlcpy.o ft_substr.o ft_isalpha.o ft_memcpy.o ft_split.o ft_tolower.o ft_isascii.o ft_memmove.o ft_strchr.o ft_strmapi.o ft_toupper.o ft_isdigit.o ft_memset.o ft_strdup.o ft_strncmp.o ft_lstnew.o ft_lstadd_back.o ft_lstadd_front.o ft_lstsize.o ft_lstlast.o ft_lstdelone.o ft_lstclear.o ft_lstiter.o ft_lstmap.o
make[1]: Leaving directory `/Users/hugorecolet/Desktop/42/studs/Cercle3/Minishell/libft'
echo "Minishell : Libft compiled"
 
echo "\033[1;34m                                                                                                                     "
echo "Project name : Minishell"
echo "\n\033[1;32mOn going compilation... ⌛\033[0;m\n"
gcc	 -Wall -Wextra -Werror -g3 srcs/main.o srcs/utils/utils.o srcs/pipes/error.o srcs/pipes/ft_free.o srcs/pipes/ft_split.o srcs/pipes/ft_split_path.o srcs/pipes/join.o srcs/pipes/utils_both.o srcs/pipes/utils_exec.o srcs/pipes/utils_path.o srcs/pipes/utils_pipe.o srcs/pipes/utils_str.o srcs/expand/env_expand.o srcs/exec/exec_utils.o srcs/exec/ft_echo.o srcs/env/export.o srcs/exec/is_builtin.o srcs/parsing/count_token.o srcs/parsing/parse_token.o srcs/utils/error.o srcs/parsing/token_check.o srcs/exec/ft_split_space.o srcs/dir/dir_prompt.o srcs/utils/utils_2.o srcs/parsing/ft_unquoting.o srcs/exec/create_list.o srcs/exec/ft_get_output.o srcs/exec/utils_io.o srcs/env/export_2.o srcs/env/unset.o srcs/env/utils_export.o srcs/exec/clean_redirection.o srcs/exec/open_io.o srcs/exec/insert_file.o srcs/exec/main_exec.o srcs/expand/expand_utils.o srcs/env/utils_error.o srcs/env/utils_backslash.o srcs/exit/exit.o srcs/exec/open_io_utils.o srcs/expand/expand_utils_2.o srcs/utils_print.o srcs/signal/signal.o srcs/utils/utils_3.o srcs/pipes/heredoc.o srcs/pipes/heredoc_utils.o srcs/utils/utils_4.o srcs/parsing/count_token_2.o srcs/parsing/parse_token_2.o srcs/utils_main.o srcs/refacto.o srcs/utils_init.o srcs/exit/exit_2.o srcs/parsing/utils_token_check.o srcs/dir/dir_error.o srcs/env/export_3.o libft/libft.a -o Minishell -lreadline
make wait
echo "Bonne correction!"
make: Leaving directory `/Users/hugorecolet/Desktop/42/studs/Cercle3/Minishell'
 
