make all --print-data-base --no-builtin-variables --no-builtin-rules --question
# GNU Make 3.81
# Copyright (C) 2006  Free Software Foundation, Inc.
# This is free software; see the source for copying conditions.
# There is NO warranty; not even for MERCHANTABILITY or FITNESS FOR A
# PARTICULAR PURPOSE.

# This program built for i386-apple-darwin11.3.0
 
make: *** No rule to make target `srcs/main.o', needed by `Minishell'.  Stop.


# Make data base, printed on Tue May 31 20:44:51 2022

# Variables

# automatic
<D = $(patsubst %/,%,$(dir $<))
# automatic
?F = $(notdir $?)
# environment
VSCODE_LOG_NATIVE = false
# automatic
?D = $(patsubst %/,%,$(dir $?))
# automatic
@D = $(patsubst %/,%,$(dir $@))
# automatic
@F = $(notdir $@)
# makefile
CURDIR := /Users/hugorecolet/Desktop/42/studs/Cercle3/Minishell
# makefile
SHELL = /bin/sh
# makefile (from `Makefile', line 79)
RM = rm -f
# environment
VSCODE_NLS_CONFIG = {"locale":"fr","availableLanguages":{"*":"fr"},"_languagePackId":"25fe6a3290ec415596628d4afc87a88c.fr","_translationsConfigFile":"/Users/hugorecolet/Library/Application Support/Code/clp/25fe6a3290ec415596628d4afc87a88c.fr/tcf.json","_cacheRoot":"/Users/hugorecolet/Library/Application Support/Code/clp/25fe6a3290ec415596628d4afc87a88c.fr","_resolvedLanguagePackCoreLocation":"/Users/hugorecolet/Library/Application Support/Code/clp/25fe6a3290ec415596628d4afc87a88c.fr/c3511e6c69bb39013c4a4b7b9566ec1ca73fc4d5","_corruptedFile":"/Users/hugorecolet/Library/Application Support/Code/clp/25fe6a3290ec415596628d4afc87a88c.fr/corrupted.info","_languagePackSupport":true}
# environment
_ = /usr/bin/make
# makefile (from `Makefile', line 83)
CFLAGS = -Wall -Wextra -Werror -g3
# makefile (from `Makefile', line 1)
MAKEFILE_LIST :=  Makefile
# environment
VSCODE_VERBOSE_LOGGING = true
# environment
__CFBundleIdentifier = com.microsoft.VSCode
# environment
INFOPATH = /opt/homebrew/share/info:
# environment
VSCODE_IPC_HOOK_EXTHOST = /var/folders/np/3n81l2wd7gv0vjgd1vccsr8w0000gn/T/vscode-ipc-3e3e4d63-934e-4085-9a91-8b754626c92f.sock
# environment
VSCODE_CWD = /
# environment
PATH = /Library/Frameworks/Python.framework/Versions/3.8/bin:/opt/homebrew/bin:/opt/homebrew/sbin:/Library/Frameworks/Python.framework/Versions/3.9/bin:/usr/local/bin:/usr/bin:/bin:/usr/sbin:/sbin:/opt/X11/bin:/Library/Frameworks/Mono.framework/Versions/Current/Commands:/Users/hugorecolet/.spicetify:/opt/homebrew/bin:/opt/homebrew/sbin:/Library/Frameworks/Python.framework/Versions/3.9/bin
# environment
LSCOLORS = Gxfxcxdxbxegedabagacad
# environment
LaunchInstanceID = 95C0C1E0-20F9-479E-893D-8ECAB0D24963
# environment
VSCODE_LOG_STACK = false
# environment
ELECTRON_RUN_AS_NODE = 1
# default
.FEATURES := target-specific order-only second-expansion else-if archives jobserver check-symlink
# environment
SSH_AUTH_SOCK = /private/tmp/com.apple.launchd.0fHpMr0heK/Listeners
# automatic
%F = $(notdir $%)
# environment
DISPLAY = /private/tmp/com.apple.launchd.IoJLrutAMq/org.xquartz:0
# environment
VSCODE_PIPE_LOGGING = true
# makefile (from `Makefile', line 72)
OBJS = $(SRCS:.c=.o)
# environment
PWD = /Users/hugorecolet/Desktop/42/studs/Cercle3/Minishell
# environment
HOMEBREW_CELLAR = /opt/homebrew/Cellar
# environment
ORIGINAL_XDG_CURRENT_DESKTOP = undefined
# environment
MANPATH = /opt/homebrew/share/man::
# environment
VSCODE_AMD_ENTRYPOINT = vs/workbench/api/node/extensionHostProcess
# environment
HOME = /Users/hugorecolet
# default
MAKEFILEPATH = $(shell /usr/bin/xcode-select -print-path 2>/dev/null || echo /Developer)/Makefiles
# environment
VSCODE_CODE_CACHE_PATH = /Users/hugorecolet/Library/Application Support/Code/CachedData/c3511e6c69bb39013c4a4b7b9566ec1ca73fc4d5
# environment
LOGNAME = hugorecolet
# environment
APPLICATION_INSIGHTS_NO_DIAGNOSTIC_CHANNEL = true
# environment
ZSH = /Users/hugorecolet/.oh-my-zsh
 
# environment
VSCODE_HANDLES_UNCAUGHT_ERRORS = true
# automatic
^D = $(patsubst %/,%,$(dir $^))
# environment
XPC_FLAGS = 0x0
# default
MAKE = $(MAKE_COMMAND)
# default
MAKECMDGOALS := all
# makefile (from `Makefile', line 15)
SRCS = srcs/main.c srcs/utils/utils.c srcs/pipes/error.c srcs/pipes/ft_free.c srcs/pipes/ft_split.c srcs/pipes/ft_split_path.c srcs/pipes/join.c srcs/pipes/utils_both.c srcs/pipes/utils_exec.c srcs/pipes/utils_path.c srcs/pipes/utils_pipe.c srcs/pipes/utils_str.c srcs/expand/env_expand.c srcs/exec/exec_utils.c srcs/exec/ft_echo.c srcs/env/export.c srcs/exec/is_builtin.c srcs/parsing/count_token.c srcs/parsing/parse_token.c srcs/utils/error.c srcs/parsing/token_check.c srcs/exec/ft_split_space.c srcs/dir/dir_prompt.c srcs/utils/utils_2.c srcs/parsing/ft_unquoting.c srcs/exec/create_list.c srcs/exec/ft_get_output.c srcs/exec/utils_io.c srcs/env/export_2.c srcs/env/unset.c srcs/env/utils_export.c srcs/exec/clean_redirection.c srcs/exec/open_io.c srcs/exec/insert_file.c srcs/exec/main_exec.c srcs/expand/expand_utils.c srcs/env/utils_error.c srcs/env/utils_backslash.c srcs/exit/exit.c srcs/exec/open_io_utils.c srcs/expand/expand_utils_2.c srcs/utils_print.c srcs/signal/signal.c srcs/utils/utils_3.c srcs/pipes/heredoc.c srcs/pipes/heredoc_utils.c srcs/utils/utils_4.c srcs/parsing/count_token_2.c srcs/parsing/parse_token_2.c srcs/utils_main.c srcs/refacto.c srcs/utils_init.c srcs/exit/exit_2.c srcs/parsing/utils_token_check.c srcs/dir/dir_error.c srcs/env/export_3.c
# environment
SHLVL = 1
# makefile (from `Makefile', line 81)
CC = gcc	
# default
MAKE_VERSION := 3.81
# environment
USER = hugorecolet
# makefile
.DEFAULT_GOAL := all
# makefile (from `Makefile', line 13)
NAME = Minishell
# environment
LESS = -R
# automatic
%D = $(patsubst %/,%,$(dir $%))
# default
MAKE_COMMAND := /Library/Developer/CommandLineTools/usr/bin/make
# makefile (from `Makefile', line 74)
INC = includes/minishell.h includes/struct.h includes/includes.h libft/libft.h
# default
.VARIABLES := 
# environment
TMPDIR = /var/folders/np/3n81l2wd7gv0vjgd1vccsr8w0000gn/T/
# automatic
*F = $(notdir $*)
# environment
VSCODE_IPC_HOOK = /Users/hugorecolet/Library/Application Support/Code/1.67.2-main.sock
# makefile
MAKEFLAGS = Rrqp
# environment
MFLAGS = -Rrqp
# automatic
*D = $(patsubst %/,%,$(dir $*))
# environment
XPC_SERVICE_NAME = application.com.microsoft.VSCode.32999609.32999615
# environment
HOMEBREW_PREFIX = /opt/homebrew
# automatic
+D = $(patsubst %/,%,$(dir $+))
# automatic
+F = $(notdir $+)
# environment
HOMEBREW_REPOSITORY = /opt/homebrew
# environment
__CF_USER_TEXT_ENCODING = 0x1F5:0x0:0x1
# environment
COMMAND_MODE = unix2003
# default
MAKEFILES := 
# automatic
<F = $(notdir $<)
# environment
PAGER = less
# environment
LC_ALL = C
# environment
SECURITYSESSIONID = 186b2
# automatic
^F = $(notdir $^)
# default
SUFFIXES := 
# default
.INCLUDE_DIRS = /usr/local/include
# environment
MAKELEVEL := 0
# environment
LANG = C
# environment
VSCODE_PID = 609
# variable set hash-table stats:
# Load=81/1024=8%, Rehash=0, Collisions=5/110=5%

# Pattern-specific Variable Values

# No pattern-specific variable values.

# Directories

# . (device 16777232, inode 31305632): 9 files, no impossibilities.

# 9 files, no impossibilities in 1 directories.

# Implicit Rules

# No implicit rules.

# Files

# Not a target:
includes/includes.h:
#  Implicit rule search has been done.
#  Last modified 2022-05-29 11:49:01
#  File has been updated.
#  Successfully updated.
# variable set hash-table stats:
# Load=0/32=0%, Rehash=0, Collisions=0/0=0%

# Not a target:
srcs/pipes/heredoc.o:
#  Implicit rule search has not been done.
#  Modification time never checked.
#  File has not been updated.

# Not a target:
srcs/env/unset.o:
#  Implicit rule search has not been done.
#  Modification time never checked.
#  File has not been updated.

# Not a target:
srcs/utils_main.o:
#  Implicit rule search has not been done.
#  Modification time never checked.
#  File has not been updated.

# Not a target:
srcs/utils_init.o:
#  Implicit rule search has not been done.
#  Modification time never checked.
#  File has not been updated.

# Not a target:
srcs/utils/error.o:
#  Implicit rule search has not been done.
#  Modification time never checked.
#  File has not been updated.

all: Minishell
#  Phony target (prerequisite of .PHONY).
#  Command-line target.
#  Implicit rule search has not been done.
#  File does not exist.
#  File has not been updated.
# variable set hash-table stats:
# Load=0/32=0%, Rehash=0, Collisions=0/0=0%

# Not a target:
srcs/exec/utils_io.o:
#  Implicit rule search has not been done.
#  Modification time never checked.
#  File has not been updated.

.PHONY: all clean fclean re
#  Implicit rule search has not been done.
#  Modification time never checked.
#  File has not been updated.

# Not a target:
srcs/pipes/join.o:
#  Implicit rule search has not been done.
#  Modification time never checked.
#  File has not been updated.

# Not a target:
includes/struct.h:
#  Implicit rule search has been done.
#  Last modified 2022-05-29 11:49:01
#  File has been updated.
#  Successfully updated.
# variable set hash-table stats:
# Load=0/32=0%, Rehash=0, Collisions=0/0=0%

# Not a target:
srcs/exec/open_io_utils.o:
#  Implicit rule search has not been done.
#  Modification time never checked.
#  File has not been updated.

# Not a target:
srcs/exec/clean_redirection.o:
#  Implicit rule search has not been done.
#  Modification time never checked.
#  File has not been updated.

# Not a target:
srcs/pipes/ft_free.o:
#  Implicit rule search has not been done.
#  Modification time never checked.
#  File has not been updated.

# Not a target:
srcs/env/utils_export.o:
#  Implicit rule search has not been done.
#  Modification time never checked.
#  File has not been updated.

# Not a target:
.SUFFIXES:
#  Implicit rule search has not been done.
#  Modification time never checked.
#  File has not been updated.

# Not a target:
Makefile:
#  Implicit rule search has been done.
#  Last modified 2022-05-29 11:49:01
#  File has been updated.
#  Successfully updated.
# variable set hash-table stats:
# Load=0/32=0%, Rehash=0, Collisions=0/0=0%

# Not a target:
srcs/utils/utils_3.o:
#  Implicit rule search has not been done.
#  Modification time never checked.
#  File has not been updated.

# Not a target:
srcs/exit/exit_2.o:
#  Implicit rule search has not been done.
#  Modification time never checked.
#  File has not been updated.

# Not a target:
srcs/exec/ft_get_output.o:
#  Implicit rule search has not been done.
#  Modification time never checked.
#  File has not been updated.

# Not a target:
srcs/parsing/parse_token_2.o:
#  Implicit rule search has not been done.
#  Modification time never checked.
#  File has not been updated.

# Not a target:
srcs/env/export_3.o:
#  Implicit rule search has not been done.
#  Modification time never checked.
#  File has not been updated.

# Not a target:
srcs/exec/exec_utils.o:
#  Implicit rule search has not been done.
#  Modification time never checked.
#  File has not been updated.

# Not a target:
srcs/parsing/count_token.o:
#  Implicit rule search has not been done.
#  Modification time never checked.
#  File has not been updated.

# Not a target:
srcs/pipes/error.o:
#  Implicit rule search has not been done.
#  Modification time never checked.
#  File has not been updated.

# Not a target:
srcs/expand/expand_utils.o:
#  Implicit rule search has not been done.
#  Modification time never checked.
#  File has not been updated.

# Not a target:
srcs/exec/is_builtin.o:
#  Implicit rule search has not been done.
#  Modification time never checked.
#  File has not been updated.

 
Minishell: includes/minishell.h includes/struct.h includes/includes.h libft/libft.h srcs/main.o srcs/utils/utils.o srcs/pipes/error.o srcs/pipes/ft_free.o srcs/pipes/ft_split.o srcs/pipes/ft_split_path.o srcs/pipes/join.o srcs/pipes/utils_both.o srcs/pipes/utils_exec.o srcs/pipes/utils_path.o srcs/pipes/utils_pipe.o srcs/pipes/utils_str.o srcs/expand/env_expand.o srcs/exec/exec_utils.o srcs/exec/ft_echo.o srcs/env/export.o srcs/exec/is_builtin.o srcs/parsing/count_token.o srcs/parsing/parse_token.o srcs/utils/error.o srcs/parsing/token_check.o srcs/exec/ft_split_space.o srcs/dir/dir_prompt.o srcs/utils/utils_2.o srcs/parsing/ft_unquoting.o srcs/exec/create_list.o srcs/exec/ft_get_output.o srcs/exec/utils_io.o srcs/env/export_2.o srcs/env/unset.o srcs/env/utils_export.o srcs/exec/clean_redirection.o srcs/exec/open_io.o srcs/exec/insert_file.o srcs/exec/main_exec.o srcs/expand/expand_utils.o srcs/env/utils_error.o srcs/env/utils_backslash.o srcs/exit/exit.o srcs/exec/open_io_utils.o srcs/expand/expand_utils_2.o srcs/utils_print.o srcs/signal/signal.o srcs/utils/utils_3.o srcs/pipes/heredoc.o srcs/pipes/heredoc_utils.o srcs/utils/utils_4.o srcs/parsing/count_token_2.o srcs/parsing/parse_token_2.o srcs/utils_main.o srcs/refacto.o srcs/utils_init.o srcs/exit/exit_2.o srcs/parsing/utils_token_check.o srcs/dir/dir_error.o srcs/env/export_3.o
#  Implicit rule search has not been done.
#  File does not exist.
#  File has not been updated.
# variable set hash-table stats:
# Load=0/32=0%, Rehash=0, Collisions=0/0=0%
#  commands to execute (from `Makefile', line 88):
	@clear
	@$(MAKE) -C libft
	@echo "Minishell : Libft compiled"
	@echo "\033[1;34m                                                                                                                     "
	@echo "Project name : $(NAME)"
	@echo "\n\033[1;32mOn going compilation... ⌛\033[0;m\n"
	@$(CC) $(CFLAGS) $(OBJS) libft/libft.a -o $(NAME) -lreadline
	@make wait
	@echo "Bonne correction!"
	

# Not a target:
srcs/exec/ft_split_space.o:
#  Implicit rule search has not been done.
#  Modification time never checked.
#  File has not been updated.

fclean:
#  Phony target (prerequisite of .PHONY).
#  Implicit rule search has not been done.
#  File does not exist.
#  File has not been updated.
#  commands to execute (from `Makefile', line 119):
	@$(RM) $(OBJS)
	@$(RM) $(NAME)
	@$(MAKE) -C libft fclean
	@echo -n "\033[0;31m⠀"
	@echo "Uninstalling Minishell"
	@echo "[##############]"
	@echo "　╭━╮╭━╮ ╭╮ ╱ "　　
	@echo "　╰━┫╰━┫ ╰╯╱ ╭╮ "　　
	@echo "　╰━╯╰━╯　╱　╰╯" 　　　　　
	@echo "　     COMPLETE"
	@echo "\033[1;1;32m♻️  Objects and $(NAME) have been \033[5;1;31mdeleted\033[m ♻️"
	

wait:
#  Implicit rule search has not been done.
#  Modification time never checked.
#  File has not been updated.
#  commands to execute (from `Makefile', line 132):
	@echo -n "\r  5%  [\033[0;31m█\033[m.........................]"
	@sleep 0.1
	@clear
	@echo -n "\r 10%  [\033[0;31m███\033[m.......................]"
	@sleep 0.1
	@clear
	@echo -n "\r 15%  [\033[0;31m████\033[m......................]"
	@sleep 0.1
	@clear
	@echo -n "\r 20%  [\033[0;31m██████\033[m....................]"
	@sleep 0.1
	@clear
	@echo -n "\r 27%  [\033[0;31m████████\033[m..................]"
	@sleep 0.1
	@clear
	@echo -n "\r 32%  [\033[0;31m██████████\033[m................]"
	@sleep 0.1
	@clear
	@echo -n "\r 35%  [\033[0;31m███████████\033[m...............]"
	@sleep 0.1
	@clear
	@echo -n "\r 45%  [\033[0;31m█████████████\033[m.............]"
	@sleep 0.1
	@clear
	@echo -n "\r 50%  [\033[0;31m███████████████\033[m...........]"
	@sleep 0.1
	@clear
	@echo -n "\r 65%  [\033[0;31m██████████████████\033[m........]"
	@sleep 0.1
	@clear
	@echo -n "\r 80%  [\033[0;31m█████████████████████\033[m.....]"
	@sleep 0.1
	@clear
	@echo -n "\r 90%  [\033[0;31m████████████████████████\033[m..]"
	@sleep 0.1
	@clear
	@echo -n "\r 95%  [\033[0;31m█████████████████████████\033[m.]"
	@sleep 0.1
	@clear
	@echo -n "\r 99%  [\033[0;31m██████████████████████████\033[m]"
	@sleep 0.5
	@clear
	@echo -n "\r 100% [\033[0;32m██████████████████████████\033[m]\033[0;32m compilation terminee ✓\n\033[0;m"
	

# Not a target:
srcs/pipes/utils_pipe.o:
#  Implicit rule search has not been done.
#  Modification time never checked.
#  File has not been updated.

# Not a target:
srcs/utils/utils.o:
#  Implicit rule search has not been done.
#  Modification time never checked.
#  File has not been updated.

# Not a target:
srcs/parsing/utils_token_check.o:
#  Implicit rule search has not been done.
#  Modification time never checked.
#  File has not been updated.

# Not a target:
srcs/pipes/ft_split_path.o:
#  Implicit rule search has not been done.
#  Modification time never checked.
#  File has not been updated.

# Not a target:
srcs/exec/ft_echo.o:
#  Implicit rule search has not been done.
#  Modification time never checked.
#  File has not been updated.

norm:
#  Implicit rule search has not been done.
#  Modification time never checked.
#  File has not been updated.
#  commands to execute (from `Makefile', line 100):
	@echo "⚠️ \033[5;1;34m Checking The Norm \033[m⚠️"
	@if norminette $(SRCS) >/dev/null; then\
	echo "\033[1;32m    Norminette : OK\033[m";\
	else\
	echo "\033[1;31m    Norminette : Error\033[m";\
	fi
	

# Not a target:
srcs/pipes/utils_exec.o:
#  Implicit rule search has not been done.
#  Modification time never checked.
#  File has not been updated.

# Not a target:
srcs/env/utils_backslash.o:
#  Implicit rule search has not been done.
#  Modification time never checked.
#  File has not been updated.

# Not a target:
srcs/exec/open_io.o:
#  Implicit rule search has not been done.
#  Modification time never checked.
#  File has not been updated.

# Not a target:
.DEFAULT:
#  Implicit rule search has not been done.
#  Modification time never checked.
#  File has not been updated.

# Not a target:
srcs/utils_print.o:
#  Implicit rule search has not been done.
#  Modification time never checked.
#  File has not been updated.

# Not a target:
srcs/expand/env_expand.o:
#  Implicit rule search has not been done.
#  Modification time never checked.
#  File has not been updated.

# Not a target:
srcs/parsing/token_check.o:
#  Implicit rule search has not been done.
#  Modification time never checked.
#  File has not been updated.

# Not a target:
srcs/env/export.o:
#  Implicit rule search has not been done.
#  Modification time never checked.
#  File has not been updated.

# Not a target:
srcs/pipes/utils_path.o:
#  Implicit rule search has not been done.
#  Modification time never checked.
#  File has not been updated.

# Not a target:
srcs/signal/signal.o:
#  Implicit rule search has not been done.
#  Modification time never checked.
#  File has not been updated.

re: fclean all
#  Phony target (prerequisite of .PHONY).
#  Implicit rule search has not been done.
#  File does not exist.
#  File has not been updated.

clean:
#  Phony target (prerequisite of .PHONY).
#  Implicit rule search has not been done.
#  File does not exist.
#  File has not been updated.
#  commands to execute (from `Makefile', line 107):
	@$(RM) $(OBJS)
	@$(MAKE) -C libft clean
	@echo "\033[1;31m ⠀⠀⠀⠀⠀⠀⠀⠀⠀⢠⣿⣶⣄⣀⡀⠀⠀⠀⠀⠀⠀⠀⠀⠀⠀⠀⠀⠀⠀⠀"
	@echo "⠀⠀⠀⠀⠀⠀⠀⢀⣴⣿⣿⣿⣿⣿⣿⣿⣿⣿⣶⣦⣄⣀⡀⣠⣾⡇⠀⠀⠀⠀"
	@echo "⠀⠀⠀⠀⠀⠀⣴⣿⣿⣿⣿⣿⣿⣿⣿⣿⣿⣿⣿⣿⣿⣿⣿⣿⣿⡇⠀⠀⠀⠀"
	@echo "⠀⠀⠀⠀⢀⣾⣿⣿⣿⣿⣿⣿⣿⣿⣿⣿⣿⣿⣿⣿⠿⠿⢿⣿⣿⡇⠀⠀⠀⠀"
 
	@echo "⠀⣶⣿⣦⣜⣿⣿⣿⡟⠻⣿⣿⣿⣿⣿⣿⣿⡿⢿⡏⣴⣺⣦⣙⣿⣷⣄⠀⠀⠀\033[1;34m Goodbye everyone\033[1;31m"
	@echo "⠀⣯⡇⣻⣿⣿⣿⣿⣷⣾⣿⣬⣥⣭⣽⣿⣿⣧⣼⡇⣯⣇⣹⣿⣿⣿⣿⣧⠀⠀"
	@echo "⠀⠹⣿⣿⣿⣿⣿⣿⣿⣿⣿⣿⣿⣿⣿⣿⣿⣿⣿⣿⠸⣿⣿⣿⣿⣿⣿⣿⣷⠀\033[m"
	@echo "\033[1;1;32m♻️  Objects have been \033[5;1;31mdeleted\033[m ♻️"
	

# Not a target:
srcs/pipes/ft_split.o:
#  Implicit rule search has not been done.
#  Modification time never checked.
#  File has not been updated.

# Not a target:
srcs/pipes/heredoc_utils.o:
#  Implicit rule search has not been done.
#  Modification time never checked.
#  File has not been updated.

# Not a target:
srcs/parsing/ft_unquoting.o:
#  Implicit rule search has not been done.
#  Modification time never checked.
#  File has not been updated.

# Not a target:
srcs/exec/create_list.o:
#  Implicit rule search has not been done.
#  Modification time never checked.
#  File has not been updated.

# Not a target:
srcs/dir/dir_error.o:
#  Implicit rule search has not been done.
#  Modification time never checked.
#  File has not been updated.

# Not a target:
srcs/parsing/count_token_2.o:
#  Implicit rule search has not been done.
#  Modification time never checked.
#  File has not been updated.

# Not a target:
srcs/expand/expand_utils_2.o:
#  Implicit rule search has not been done.
#  Modification time never checked.
#  File has not been updated.

# Not a target:
srcs/refacto.o:
#  Implicit rule search has not been done.
#  Modification time never checked.
#  File has not been updated.

# Not a target:
srcs/pipes/utils_str.o:
#  Implicit rule search has not been done.
#  Modification time never checked.
#  File has not been updated.

# Not a target:
srcs/utils/utils_4.o:
#  Implicit rule search has not been done.
#  Modification time never checked.
#  File has not been updated.

# Not a target:
libft/libft.h:
#  Implicit rule search has been done.
#  Last modified 2022-05-29 11:49:01
#  File has been updated.
#  Successfully updated.
# variable set hash-table stats:
# Load=0/32=0%, Rehash=0, Collisions=0/0=0%

# Not a target:
srcs/utils/utils_2.o:
#  Implicit rule search has not been done.
#  Modification time never checked.
#  File has not been updated.

# Not a target:
srcs/dir/dir_prompt.o:
#  Implicit rule search has not been done.
#  Modification time never checked.
#  File has not been updated.

# Not a target:
includes/minishell.h:
#  Implicit rule search has been done.
#  Last modified 2022-05-29 11:49:01
#  File has been updated.
#  Successfully updated.
# variable set hash-table stats:
# Load=0/32=0%, Rehash=0, Collisions=0/0=0%

# Not a target:
srcs/pipes/utils_both.o:
#  Implicit rule search has not been done.
#  Modification time never checked.
#  File has not been updated.

# Not a target:
srcs/exec/insert_file.o:
#  Implicit rule search has not been done.
#  Modification time never checked.
#  File has not been updated.

# Not a target:
srcs/main.o:
#  Implicit rule search has been done.
#  File does not exist.
#  File has not been updated.
# variable set hash-table stats:
# Load=0/32=0%, Rehash=0, Collisions=0/0=0%

# Not a target:
srcs/exit/exit.o:
#  Implicit rule search has not been done.
#  Modification time never checked.
#  File has not been updated.

# Not a target:
srcs/env/utils_error.o:
#  Implicit rule search has not been done.
#  Modification time never checked.
#  File has not been updated.

# Not a target:
srcs/exec/main_exec.o:
#  Implicit rule search has not been done.
#  Modification time never checked.
#  File has not been updated.

# Not a target:
srcs/parsing/parse_token.o:
#  Implicit rule search has not been done.
#  Modification time never checked.
#  File has not been updated.

# Not a target:
srcs/env/export_2.o:
#  Implicit rule search has not been done.
#  Modification time never checked.
#  File has not been updated.

# files hash-table stats:
# Load=71/1024=7%, Rehash=0, Collisions=8/151=5%
# VPATH Search Paths

# No `vpath' search paths.

# No general (`VPATH' variable) search path.

# # of strings in strcache: 1
# # of strcache buffers: 1
# strcache size: total = 4096 / max = 4096 / min = 4096 / avg = 4096
# strcache free: total = 4087 / max = 4087 / min = 4087 / avg = 4087

# Finished Make data base on Tue May 31 20:44:51 2022

 
